# JRE version: Java(TM) SE Runtime Environment (7.0_51-b13) (build 1.7.0_51-b13)
# Java VM: Java HotSpot(TM) Server VM (24.51-b03 mixed mode linux-x86 )
Heap
 PSYoungGen      total 162816K, used 23895K [0xa3900000, 0xaee40000, 0xb35c0000)
  eden space 154624K, 15% used [0xa3900000,0xa5021b70,0xad000000)
  from space 8192K, 2% used [0xadcc0000,0xadcf4160,0xae4c0000)
  to   space 13056K, 0% used [0xad000000,0xad000000,0xadcc0000)
 ParOldGen       total 53248K, used 32059K [0x83fc0000, 0x873c0000, 0xa3900000)
  object space 53248K, 60% used [0x83fc0000,0x85f0ef90,0x873c0000)
 PSPermGen       total 31488K, used 15800K [0x7ffc0000, 0x81e80000, 0x83fc0000)
  object space 31488K, 50% used [0x7ffc0000,0x80f2e3e8,0x81e80000)
GC Heap History (10 events):
Event: 7.735 GC heap before
{Heap before GC invocations=7 (full 0):
 PSYoungGen      total 57600K, used 51761K [0xa3900000, 0xa7980000, 0xb35c0000)
  eden space 49920K, 99% used [0xa3900000,0xa69b8340,0xa69c0000)
  from space 7680K, 24% used [0xa7180000,0xa73541d8,0xa7900000)
  to   space 7936K, 0% used [0xa69c0000,0xa69c0000,0xa7180000)
 ParOldGen       total 32256K, used 14141K [0x83fc0000, 0x85f40000, 0xa3900000)
  object space 32256K, 43% used [0x83fc0000,0x84d8f7a0,0x85f40000)
 PSPermGen       total 16384K, used 14252K [0x7ffc0000, 0x80fc0000, 0x83fc0000)
  object space 16384K, 86% used [0x7ffc0000,0x80dab038,0x80fc0000)
Event: 7.746 GC heap after
Heap after GC invocations=7 (full 0):
 PSYoungGen      total 57856K, used 1322K [0xa3900000, 0xaaa00000, 0xb35c0000)
  eden space 49920K, 0% used [0xa3900000,0xa3900000,0xa69c0000)
  from space 7936K, 16% used [0xa69c0000,0xa6b0aa80,0xa7180000)
  to   space 7936K, 0% used [0xaa240000,0xaa240000,0xaaa00000)
 ParOldGen       total 32256K, used 14732K [0x83fc0000, 0x85f40000, 0xa3900000)
  object space 32256K, 45% used [0x83fc0000,0x84e23008,0x85f40000)
 PSPermGen       total 16384K, used 14252K [0x7ffc0000, 0x80fc0000, 0x83fc0000)
  object space 16384K, 86% used [0x7ffc0000,0x80dab038,0x80fc0000)
}
Event: 7.788 GC heap before
{Heap before GC invocations=8 (full 0):
 PSYoungGen      total 57856K, used 51158K [0xa3900000, 0xaaa00000, 0xb35c0000)
  eden space 49920K, 99% used [0xa3900000,0xa69ab030,0xa69c0000)
  from space 7936K, 16% used [0xa69c0000,0xa6b0aa80,0xa7180000)
  to   space 7936K, 0% used [0xaa240000,0xaa240000,0xaaa00000)
 ParOldGen       total 32256K, used 14732K [0x83fc0000, 0x85f40000, 0xa3900000)
  object space 32256K, 45% used [0x83fc0000,0x84e23008,0x85f40000)
 PSPermGen       total 16384K, used 14252K [0x7ffc0000, 0x80fc0000, 0x83fc0000)
  object space 16384K, 86% used [0x7ffc0000,0x80dab038,0x80fc0000)
Event: 7.794 GC heap after
Heap after GC invocations=8 (full 0):
 PSYoungGen      total 107520K, used 345K [0xa3900000, 0xaaa80000, 0xb35c0000)
  eden space 99584K, 0% used [0xa3900000,0xa3900000,0xa9a40000)
  from space 7936K, 4% used [0xaa240000,0xaa296748,0xaaa00000)
  to   space 8192K, 0% used [0xa9a40000,0xa9a40000,0xaa240000)
 ParOldGen       total 32256K, used 15759K [0x83fc0000, 0x85f40000, 0xa3900000)
  object space 32256K, 48% used [0x83fc0000,0x84f23c08,0x85f40000)
 PSPermGen       total 16384K, used 14252K [0x7ffc0000, 0x80fc0000, 0x83fc0000)
  object space 16384K, 86% used [0x7ffc0000,0x80dab038,0x80fc0000)
}
Event: 7.903 GC heap before
{Heap before GC invocations=9 (full 0):
 PSYoungGen      total 107520K, used 99897K [0xa3900000, 0xaaa80000, 0xb35c0000)
  eden space 99584K, 99% used [0xa3900000,0xa9a38060,0xa9a40000)
  from space 7936K, 4% used [0xaa240000,0xaa296748,0xaaa00000)
  to   space 8192K, 0% used [0xa9a40000,0xa9a40000,0xaa240000)
 ParOldGen       total 32256K, used 15759K [0x83fc0000, 0x85f40000, 0xa3900000)
  object space 32256K, 48% used [0x83fc0000,0x84f23c08,0x85f40000)
 PSPermGen       total 16384K, used 14252K [0x7ffc0000, 0x80fc0000, 0x83fc0000)
  object space 16384K, 86% used [0x7ffc0000,0x80dab038,0x80fc0000)
Event: 7.905 GC heap after
Heap after GC invocations=9 (full 0):
 PSYoungGen      total 107776K, used 213K [0xa3900000, 0xae4c0000, 0xb35c0000)
  eden space 99584K, 0% used [0xa3900000,0xa3900000,0xa9a40000)
  from space 8192K, 2% used [0xa9a40000,0xa9a755a8,0xaa240000)
  to   space 8192K, 0% used [0xadcc0000,0xadcc0000,0xae4c0000)
 ParOldGen       total 32256K, used 15957K [0x83fc0000, 0x85f40000, 0xa3900000)
  object space 32256K, 49% used [0x83fc0000,0x84f556d0,0x85f40000)
 PSPermGen       total 16384K, used 14252K [0x7ffc0000, 0x80fc0000, 0x83fc0000)
  object space 16384K, 86% used [0x7ffc0000,0x80dab038,0x80fc0000)
}
Event: 32.699 GC heap before
{Heap before GC invocations=10 (full 0):
 PSYoungGen      total 107776K, used 99797K [0xa3900000, 0xae4c0000, 0xb35c0000)
  eden space 99584K, 100% used [0xa3900000,0xa9a40000,0xa9a40000)
  from space 8192K, 2% used [0xa9a40000,0xa9a755a8,0xaa240000)
  to   space 8192K, 0% used [0xadcc0000,0xadcc0000,0xae4c0000)
 ParOldGen       total 32256K, used 15957K [0x83fc0000, 0x85f40000, 0xa3900000)
  object space 32256K, 49% used [0x83fc0000,0x84f556d0,0x85f40000)
 PSPermGen       total 16384K, used 15701K [0x7ffc0000, 0x80fc0000, 0x83fc0000)
  object space 16384K, 95% used [0x7ffc0000,0x80f15550,0x80fc0000)
Event: 32.723 GC heap after
Heap after GC invocations=10 (full 0):
 PSYoungGen      total 162816K, used 8180K [0xa3900000, 0xaee40000, 0xb35c0000)
  eden space 154624K, 0% used [0xa3900000,0xa3900000,0xad000000)
  from space 8192K, 99% used [0xadcc0000,0xae4bd3f0,0xae4c0000)
  to   space 13056K, 0% used [0xad000000,0xad000000,0xadcc0000)
 ParOldGen       total 32256K, used 25094K [0x83fc0000, 0x85f40000, 0xa3900000)
  object space 32256K, 77% used [0x83fc0000,0x85841b80,0x85f40000)
 PSPermGen       total 16384K, used 15701K [0x7ffc0000, 0x80fc0000, 0x83fc0000)
  object space 16384K, 95% used [0x7ffc0000,0x80f15550,0x80fc0000)
}
Event: 32.723 GC heap before
{Heap before GC invocations=11 (full 1):
 PSYoungGen      total 162816K, used 8180K [0xa3900000, 0xaee40000, 0xb35c0000)
  eden space 154624K, 0% used [0xa3900000,0xa3900000,0xad000000)
  from space 8192K, 99% used [0xadcc0000,0xae4bd3f0,0xae4c0000)
  to   space 13056K, 0% used [0xad000000,0xad000000,0xadcc0000)
 ParOldGen       total 32256K, used 25094K [0x83fc0000, 0x85f40000, 0xa3900000)
  object space 32256K, 77% used [0x83fc0000,0x85841b80,0x85f40000)
 PSPermGen       total 16384K, used 15701K [0x7ffc0000, 0x80fc0000, 0x83fc0000)
  object space 16384K, 95% used [0x7ffc0000,0x80f15550,0x80fc0000)
Event: 32.913 GC heap after
Heap after GC invocations=11 (full 1):
 PSYoungGen      total 162816K, used 208K [0xa3900000, 0xaee40000, 0xb35c0000)
  eden space 154624K, 0% used [0xa3900000,0xa3900000,0xad000000)
  from space 8192K, 2% used [0xadcc0000,0xadcf4160,0xae4c0000)
  to   space 13056K, 0% used [0xad000000,0xad000000,0xadcc0000)
 ParOldGen       total 53248K, used 32059K [0x83fc0000, 0x873c0000, 0xa3900000)
  object space 53248K, 60% used [0x83fc0000,0x85f0ef90,0x873c0000)
 PSPermGen       total 31488K, used 15692K [0x7ffc0000, 0x81e80000, 0x83fc0000)
  object space 31488K, 49% used [0x7ffc0000,0x80f13218,0x81e80000)
}

