# JRE version: Java(TM) SE Runtime Environment (7.0_51-b13) (build 1.7.0_51-b13)
# Java VM: Java HotSpot(TM) Server VM (24.51-b03 mixed mode linux-x86 )
Heap
 PSYoungGen      total 167680K, used 50478K [0xa3840000, 0xb3500000, 0xb3500000)
  eden space 154880K, 29% used [0xa3840000,0xa6569180,0xacf80000)
  from space 12800K, 33% used [0xacf80000,0xad3a29d0,0xadc00000)
  to   space 18944K, 0% used [0xb2280000,0xb2280000,0xb3500000)
 ParOldGen       total 58112K, used 34932K [0x83f00000, 0x877c0000, 0xa3840000)
  object space 58112K, 60% used [0x83f00000,0x8611d380,0x877c0000)
 PSPermGen       total 32000K, used 15988K [0x7ff00000, 0x81e40000, 0x83f00000)
  object space 32000K, 49% used [0x7ff00000,0x80e9d320,0x81e40000)
GC Heap History (10 events):
Event: 9.077 GC heap before
{Heap before GC invocations=8 (full 0):
 PSYoungGen      total 57856K, used 50832K [0xa3840000, 0xaa940000, 0xb3500000)
  eden space 49920K, 99% used [0xa3840000,0xa68f0ea8,0xa6900000)
  from space 7936K, 12% used [0xa6900000,0xa69f3488,0xa70c0000)
  to   space 7936K, 0% used [0xaa180000,0xaa180000,0xaa940000)
 ParOldGen       total 32256K, used 14948K [0x83f00000, 0x85e80000, 0xa3840000)
  object space 32256K, 46% used [0x83f00000,0x84d992f8,0x85e80000)
 PSPermGen       total 16384K, used 14322K [0x7ff00000, 0x80f00000, 0x83f00000)
  object space 16384K, 87% used [0x7ff00000,0x80cfc9a8,0x80f00000)
Event: 9.082 GC heap after
Heap after GC invocations=8 (full 0):
 PSYoungGen      total 107520K, used 345K [0xa3840000, 0xaa9c0000, 0xb3500000)
  eden space 99584K, 0% used [0xa3840000,0xa3840000,0xa9980000)
  from space 7936K, 4% used [0xaa180000,0xaa1d6550,0xaa940000)
  to   space 8192K, 0% used [0xa9980000,0xa9980000,0xaa180000)
 ParOldGen       total 32256K, used 15618K [0x83f00000, 0x85e80000, 0xa3840000)
  object space 32256K, 48% used [0x83f00000,0x84e40b78,0x85e80000)
 PSPermGen       total 16384K, used 14322K [0x7ff00000, 0x80f00000, 0x83f00000)
  object space 16384K, 87% used [0x7ff00000,0x80cfc9a8,0x80f00000)
}
Event: 9.183 GC heap before
{Heap before GC invocations=9 (full 0):
 PSYoungGen      total 107520K, used 99774K [0xa3840000, 0xaa9c0000, 0xb3500000)
  eden space 99584K, 99% used [0xa3840000,0xa99595e8,0xa9980000)
  from space 7936K, 4% used [0xaa180000,0xaa1d6550,0xaa940000)
  to   space 8192K, 0% used [0xa9980000,0xa9980000,0xaa180000)
 ParOldGen       total 32256K, used 15618K [0x83f00000, 0x85e80000, 0xa3840000)
  object space 32256K, 48% used [0x83f00000,0x84e40b78,0x85e80000)
 PSPermGen       total 16384K, used 14322K [0x7ff00000, 0x80f00000, 0x83f00000)
  object space 16384K, 87% used [0x7ff00000,0x80cfcb30,0x80f00000)
Event: 9.186 GC heap after
Heap after GC invocations=9 (full 0):
 PSYoungGen      total 107776K, used 212K [0xa3840000, 0xae400000, 0xb3500000)
  eden space 99584K, 0% used [0xa3840000,0xa3840000,0xa9980000)
  from space 8192K, 2% used [0xa9980000,0xa99b53f8,0xaa180000)
  to   space 8192K, 0% used [0xadc00000,0xadc00000,0xae400000)
 ParOldGen       total 32256K, used 15829K [0x83f00000, 0x85e80000, 0xa3840000)
  object space 32256K, 49% used [0x83f00000,0x84e75640,0x85e80000)
 PSPermGen       total 16384K, used 14322K [0x7ff00000, 0x80f00000, 0x83f00000)
  object space 16384K, 87% used [0x7ff00000,0x80cfcb30,0x80f00000)
}
Event: 36.888 GC heap before
{Heap before GC invocations=10 (full 0):
 PSYoungGen      total 107776K, used 99796K [0xa3840000, 0xae400000, 0xb3500000)
  eden space 99584K, 100% used [0xa3840000,0xa9980000,0xa9980000)
  from space 8192K, 2% used [0xa9980000,0xa99b53f8,0xaa180000)
  to   space 8192K, 0% used [0xadc00000,0xadc00000,0xae400000)
 ParOldGen       total 32256K, used 15829K [0x83f00000, 0x85e80000, 0xa3840000)
  object space 32256K, 49% used [0x83f00000,0x84e75640,0x85e80000)
 PSPermGen       total 16384K, used 15741K [0x7ff00000, 0x80f00000, 0x83f00000)
  object space 16384K, 96% used [0x7ff00000,0x80e5f4d0,0x80f00000)
Event: 36.917 GC heap after
Heap after GC invocations=10 (full 0):
 PSYoungGen      total 163072K, used 8190K [0xa3840000, 0xaed00000, 0xb3500000)
  eden space 154880K, 0% used [0xa3840000,0xa3840000,0xacf80000)
  from space 8192K, 99% used [0xadc00000,0xae3ff9a8,0xae400000)
  to   space 12800K, 0% used [0xacf80000,0xacf80000,0xadc00000)
 ParOldGen       total 32256K, used 24468K [0x83f00000, 0x85e80000, 0xa3840000)
  object space 32256K, 75% used [0x83f00000,0x856e52d0,0x85e80000)
 PSPermGen       total 16384K, used 15741K [0x7ff00000, 0x80f00000, 0x83f00000)
  object space 16384K, 96% used [0x7ff00000,0x80e5f4d0,0x80f00000)
}
Event: 102.221 GC heap before
{Heap before GC invocations=11 (full 0):
 PSYoungGen      total 163072K, used 163070K [0xa3840000, 0xaed00000, 0xb3500000)
  eden space 154880K, 100% used [0xa3840000,0xacf80000,0xacf80000)
  from space 8192K, 99% used [0xadc00000,0xae3ff9a8,0xae400000)
  to   space 12800K, 0% used [0xacf80000,0xacf80000,0xadc00000)
 ParOldGen       total 32256K, used 24468K [0x83f00000, 0x85e80000, 0xa3840000)
  object space 32256K, 75% used [0x83f00000,0x856e52d0,0x85e80000)
 PSPermGen       total 16384K, used 15924K [0x7ff00000, 0x80f00000, 0x83f00000)
  object space 16384K, 97% used [0x7ff00000,0x80e8d148,0x80f00000)
Event: 102.264 GC heap after
Heap after GC invocations=11 (full 0):
 PSYoungGen      total 167680K, used 12794K [0xa3840000, 0xb3500000, 0xb3500000)
  eden space 154880K, 0% used [0xa3840000,0xa3840000,0xacf80000)
  from space 12800K, 99% used [0xacf80000,0xadbfea50,0xadc00000)
  to   space 18944K, 0% used [0xb2280000,0xb2280000,0xb3500000)
 ParOldGen       total 35072K, used 35003K [0x83f00000, 0x86140000, 0xa3840000)
  object space 35072K, 99% used [0x83f00000,0x8612ef68,0x86140000)
 PSPermGen       total 16384K, used 15924K [0x7ff00000, 0x80f00000, 0x83f00000)
  object space 16384K, 97% used [0x7ff00000,0x80e8d148,0x80f00000)
}
Event: 102.264 GC heap before
{Heap before GC invocations=12 (full 1):
 PSYoungGen      total 167680K, used 12794K [0xa3840000, 0xb3500000, 0xb3500000)
  eden space 154880K, 0% used [0xa3840000,0xa3840000,0xacf80000)
  from space 12800K, 99% used [0xacf80000,0xadbfea50,0xadc00000)
  to   space 18944K, 0% used [0xb2280000,0xb2280000,0xb3500000)
 ParOldGen       total 35072K, used 35003K [0x83f00000, 0x86140000, 0xa3840000)
  object space 35072K, 99% used [0x83f00000,0x8612ef68,0x86140000)
 PSPermGen       total 16384K, used 15924K [0x7ff00000, 0x80f00000, 0x83f00000)
  object space 16384K, 97% used [0x7ff00000,0x80e8d148,0x80f00000)
Event: 102.468 GC heap after
Heap after GC invocations=12 (full 1):
 PSYoungGen      total 167680K, used 4234K [0xa3840000, 0xb3500000, 0xb3500000)
  eden space 154880K, 0% used [0xa3840000,0xa3840000,0xacf80000)
  from space 12800K, 33% used [0xacf80000,0xad3a29d0,0xadc00000)
  to   space 18944K, 0% used [0xb2280000,0xb2280000,0xb3500000)
 ParOldGen       total 58112K, used 34932K [0x83f00000, 0x877c0000, 0xa3840000)
  object space 58112K, 60% used [0x83f00000,0x8611d380,0x877c0000)
 PSPermGen       total 32000K, used 15918K [0x7ff00000, 0x81e40000, 0x83f00000)
  object space 32000K, 49% used [0x7ff00000,0x80e8ba80,0x81e40000)
}

