# JRE version: Java(TM) SE Runtime Environment (7.0_51-b13) (build 1.7.0_51-b13)
# Java VM: Java HotSpot(TM) Server VM (24.51-b03 mixed mode linux-x86 )
Heap
 PSYoungGen      total 108032K, used 79815K [0xa3880000, 0xaac80000, 0xb3540000)
  eden space 100352K, 73% used [0xa3880000,0xa803ba40,0xa9a80000)
  from space 7680K, 82% used [0xaa300000,0xaa936530,0xaaa80000)
  to   space 8704K, 0% used [0xa9a80000,0xa9a80000,0xaa300000)
 ParOldGen       total 32256K, used 15926K [0x83f40000, 0x85ec0000, 0xa3880000)
  object space 32256K, 49% used [0x83f40000,0x84ecdb40,0x85ec0000)
 PSPermGen       total 16384K, used 15734K [0x7ff40000, 0x80f40000, 0x83f40000)
  object space 16384K, 96% used [0x7ff40000,0x80e9d8a0,0x80f40000)
GC Heap History (10 events):
Event: 14.746 GC heap before
{Heap before GC invocations=10 (full 0):
 PSYoungGen      total 32512K, used 24627K [0xa3880000, 0xa6e80000, 0xb3540000)
  eden space 24576K, 99% used [0xa3880000,0xa5071ff8,0xa5080000)
  from space 7936K, 1% used [0xa5080000,0xa509aec8,0xa5840000)
  to   space 7936K, 0% used [0xa66c0000,0xa66c0000,0xa6e80000)
 ParOldGen       total 32256K, used 15922K [0x83f40000, 0x85ec0000, 0xa3880000)
  object space 32256K, 49% used [0x83f40000,0x84eccb40,0x85ec0000)
 PSPermGen       total 16384K, used 14290K [0x7ff40000, 0x80f40000, 0x83f40000)
  object space 16384K, 87% used [0x7ff40000,0x80d34af0,0x80f40000)
Event: 14.748 GC heap after
Heap after GC invocations=10 (full 0):
 PSYoungGen      total 47360K, used 140K [0xa3880000, 0xa6e80000, 0xb3540000)
  eden space 39424K, 0% used [0xa3880000,0xa3880000,0xa5f00000)
  from space 7936K, 1% used [0xa66c0000,0xa66e3368,0xa6e80000)
  to   space 7936K, 0% used [0xa5f00000,0xa5f00000,0xa66c0000)
 ParOldGen       total 32256K, used 15922K [0x83f40000, 0x85ec0000, 0xa3880000)
  object space 32256K, 49% used [0x83f40000,0x84eccb40,0x85ec0000)
 PSPermGen       total 16384K, used 14290K [0x7ff40000, 0x80f40000, 0x83f40000)
  object space 16384K, 87% used [0x7ff40000,0x80d34af0,0x80f40000)
}
Event: 14.785 GC heap before
{Heap before GC invocations=11 (full 0):
 PSYoungGen      total 47360K, used 39554K [0xa3880000, 0xa6e80000, 0xb3540000)
  eden space 39424K, 99% used [0xa3880000,0xa5efd600,0xa5f00000)
  from space 7936K, 1% used [0xa66c0000,0xa66e3368,0xa6e80000)
  to   space 7936K, 0% used [0xa5f00000,0xa5f00000,0xa66c0000)
 ParOldGen       total 32256K, used 15922K [0x83f40000, 0x85ec0000, 0xa3880000)
  object space 32256K, 49% used [0x83f40000,0x84eccb40,0x85ec0000)
 PSPermGen       total 16384K, used 14290K [0x7ff40000, 0x80f40000, 0x83f40000)
  object space 16384K, 87% used [0x7ff40000,0x80d34af0,0x80f40000)
Event: 14.786 GC heap after
Heap after GC invocations=11 (full 0):
 PSYoungGen      total 47360K, used 163K [0xa3880000, 0xa85c0000, 0xb3540000)
  eden space 39424K, 0% used [0xa3880000,0xa3880000,0xa5f00000)
  from space 7936K, 2% used [0xa5f00000,0xa5f28f60,0xa66c0000)
  to   space 7936K, 0% used [0xa7e00000,0xa7e00000,0xa85c0000)
 ParOldGen       total 32256K, used 15922K [0x83f40000, 0x85ec0000, 0xa3880000)
  object space 32256K, 49% used [0x83f40000,0x84eccb40,0x85ec0000)
 PSPermGen       total 16384K, used 14290K [0x7ff40000, 0x80f40000, 0x83f40000)
  object space 16384K, 87% used [0x7ff40000,0x80d34af0,0x80f40000)
}
Event: 14.814 GC heap before
{Heap before GC invocations=12 (full 0):
 PSYoungGen      total 47360K, used 39574K [0xa3880000, 0xa85c0000, 0xb3540000)
  eden space 39424K, 99% used [0xa3880000,0xa5efc9f8,0xa5f00000)
  from space 7936K, 2% used [0xa5f00000,0xa5f28f60,0xa66c0000)
  to   space 7936K, 0% used [0xa7e00000,0xa7e00000,0xa85c0000)
 ParOldGen       total 32256K, used 15922K [0x83f40000, 0x85ec0000, 0xa3880000)
  object space 32256K, 49% used [0x83f40000,0x84eccb40,0x85ec0000)
 PSPermGen       total 16384K, used 14290K [0x7ff40000, 0x80f40000, 0x83f40000)
  object space 16384K, 87% used [0x7ff40000,0x80d34af0,0x80f40000)
Event: 14.815 GC heap after
Heap after GC invocations=12 (full 0):
 PSYoungGen      total 71168K, used 167K [0xa3880000, 0xa85c0000, 0xb3540000)
  eden space 63232K, 0% used [0xa3880000,0xa3880000,0xa7640000)
  from space 7936K, 2% used [0xa7e00000,0xa7e29d90,0xa85c0000)
  to   space 7936K, 0% used [0xa7640000,0xa7640000,0xa7e00000)
 ParOldGen       total 32256K, used 15926K [0x83f40000, 0x85ec0000, 0xa3880000)
  object space 32256K, 49% used [0x83f40000,0x84ecdb40,0x85ec0000)
 PSPermGen       total 16384K, used 14290K [0x7ff40000, 0x80f40000, 0x83f40000)
  object space 16384K, 87% used [0x7ff40000,0x80d34af0,0x80f40000)
}
Event: 14.874 GC heap before
{Heap before GC invocations=13 (full 0):
 PSYoungGen      total 71168K, used 63355K [0xa3880000, 0xa85c0000, 0xb3540000)
  eden space 63232K, 99% used [0xa3880000,0xa7634f10,0xa7640000)
  from space 7936K, 2% used [0xa7e00000,0xa7e29d90,0xa85c0000)
  to   space 7936K, 0% used [0xa7640000,0xa7640000,0xa7e00000)
 ParOldGen       total 32256K, used 15926K [0x83f40000, 0x85ec0000, 0xa3880000)
  object space 32256K, 49% used [0x83f40000,0x84ecdb40,0x85ec0000)
 PSPermGen       total 16384K, used 14290K [0x7ff40000, 0x80f40000, 0x83f40000)
  object space 16384K, 87% used [0x7ff40000,0x80d34af0,0x80f40000)
Event: 14.875 GC heap after
Heap after GC invocations=13 (full 0):
 PSYoungGen      total 71168K, used 210K [0xa3880000, 0xaaa80000, 0xb3540000)
  eden space 63232K, 0% used [0xa3880000,0xa3880000,0xa7640000)
  from space 7936K, 2% used [0xa7640000,0xa7674948,0xa7e00000)
  to   space 7680K, 0% used [0xaa300000,0xaa300000,0xaaa80000)
 ParOldGen       total 32256K, used 15926K [0x83f40000, 0x85ec0000, 0xa3880000)
  object space 32256K, 49% used [0x83f40000,0x84ecdb40,0x85ec0000)
 PSPermGen       total 16384K, used 14290K [0x7ff40000, 0x80f40000, 0x83f40000)
  object space 16384K, 87% used [0x7ff40000,0x80d34af0,0x80f40000)
}
Event: 18.176 GC heap before
{Heap before GC invocations=14 (full 0):
 PSYoungGen      total 71168K, used 63442K [0xa3880000, 0xaaa80000, 0xb3540000)
  eden space 63232K, 100% used [0xa3880000,0xa7640000,0xa7640000)
  from space 7936K, 2% used [0xa7640000,0xa7674948,0xa7e00000)
  to   space 7680K, 0% used [0xaa300000,0xaa300000,0xaaa80000)
 ParOldGen       total 32256K, used 15926K [0x83f40000, 0x85ec0000, 0xa3880000)
  object space 32256K, 49% used [0x83f40000,0x84ecdb40,0x85ec0000)
 PSPermGen       total 16384K, used 15456K [0x7ff40000, 0x80f40000, 0x83f40000)
  object space 16384K, 94% used [0x7ff40000,0x80e58068,0x80f40000)
Event: 18.187 GC heap after
Heap after GC invocations=14 (full 0):
 PSYoungGen      total 108032K, used 6361K [0xa3880000, 0xaac80000, 0xb3540000)
  eden space 100352K, 0% used [0xa3880000,0xa3880000,0xa9a80000)
  from space 7680K, 82% used [0xaa300000,0xaa936530,0xaaa80000)
  to   space 8704K, 0% used [0xa9a80000,0xa9a80000,0xaa300000)
 ParOldGen       total 32256K, used 15926K [0x83f40000, 0x85ec0000, 0xa3880000)
  object space 32256K, 49% used [0x83f40000,0x84ecdb40,0x85ec0000)
 PSPermGen       total 16384K, used 15456K [0x7ff40000, 0x80f40000, 0x83f40000)
  object space 16384K, 94% used [0x7ff40000,0x80e58068,0x80f40000)
}

